<?xml version="1.0" encoding="UTF-8"?>
<!-- Generated by org.testng.reporters.JUnitReportReporter -->
<testsuite hostname="LTIN520175" failures="0" tests="5" name="testSuites.TestSuite_1" time="34.453" errors="0" timestamp="2024-06-07T13:58:59 IST" skipped="0">
  <testcase classname="testSuites.TestSuite_1" name="validateUser" time="4.244"/>
  <testcase classname="testSuites.TestSuite_1" name="validateWelcomeMessage" time="15.111"/>
  <testcase classname="testSuites.TestSuite_1" name="validateDefaultLanguageAndCountry" time="0.334"/>
  <testcase classname="testSuites.TestSuite_1" name="getLanguages" time="0.406"/>
  <testcase classname="testSuites.TestSuite_1" name="checkDetails" time="14.358"/>
</testsuite> <!-- testSuites.TestSuite_1 -->
